0 info it worked if it ends with ok
1 verbose cli [ '/Users/blaisenajafi/.nvm/v0.8.28/bin/node',
1 verbose cli   '/Users/blaisenajafi/.nvm/v0.8.28/bin/npm',
1 verbose cli   'run',
1 verbose cli   'bundle' ]
2 info using npm@1.2.30
3 info using node@v0.8.28
4 verbose read json /Users/blaisenajafi/Desktop/Personal_Projects/react_authentication/client/src/components/package.json
5 error Error: ENOENT, open '/Users/blaisenajafi/Desktop/Personal_Projects/react_authentication/client/src/components/package.json'
6 error If you need help, you may report this log at:
6 error     <http://github.com/isaacs/npm/issues>
6 error or email it to:
6 error     <npm-@googlegroups.com>
7 error System Darwin 15.6.0
8 error command "/Users/blaisenajafi/.nvm/v0.8.28/bin/node" "/Users/blaisenajafi/.nvm/v0.8.28/bin/npm" "run" "bundle"
9 error cwd /Users/blaisenajafi/Desktop/Personal_Projects/react_authentication/client/src/components
10 error node -v v0.8.28
11 error npm -v 1.2.30
12 error path /Users/blaisenajafi/Desktop/Personal_Projects/react_authentication/client/src/components/package.json
13 error code ENOENT
14 error errno 34
15 verbose exit [ 34, true ]
